22:52:44,930   =======================================
22:52:44,941   PROGRAM START
22:52:44,945   =======================================
22:52:45,462   FormMain	SetupCommunication	MES SERVER START
22:52:45,574   FormMain	SetupCommunication	FIS SERVER START
22:52:45,888   FormMain	SetupDevice	RFID CONNECTED
23:00:31,194   =======================================
23:00:31,200   PROGRAM START
23:00:31,200   =======================================
23:00:31,425   FormMain	SetupCommunication	MES SERVER START
23:00:31,506   FormMain	SetupCommunication	FIS SERVER START
23:00:31,777   FormMain	SetupDevice	RFID CONNECTED
23:02:42,570   =======================================
23:02:42,577   PROGRAM START
23:02:42,578   =======================================
23:02:42,796   FormMain	SetupCommunication	MES SERVER START
23:02:42,883   FormMain	SetupCommunication	FIS SERVER START
23:02:43,084   FormMain	SetupDevice	RFID CONNECTED
23:09:19,386   =======================================
23:09:19,390   PROGRAM START
23:09:19,390   =======================================
23:09:19,599   FormMain	SetupCommunication	MES SERVER START
23:09:19,736   FormMain	SetupCommunication	FIS SERVER START
23:09:19,971   FormMain	SetupDevice	RFID CONNECTED
23:11:15,535   =======================================
23:11:15,541   PROGRAM START
23:11:15,541   =======================================
23:11:15,734   FormMain	SetupCommunication	MES SERVER START
23:11:15,858   FormMain	SetupCommunication	FIS SERVER START
23:11:16,106   FormMain	SetupDevice	RFID CONNECTED
23:13:35,043   =======================================
23:13:35,051   PROGRAM START
23:13:35,051   =======================================
23:13:35,297   FormMain	SetupCommunication	MES SERVER START
23:13:35,373   FormMain	SetupCommunication	FIS SERVER START
23:13:35,445   FormMain	timerConnect_Tick	RFID NOT CONNECTED
23:13:35,446   FormMain	CheckAutoMode	MANUAL MODE
23:13:40,420   FormMain	timerConnect_Tick	RFID NOT CONNECTED
23:13:40,420   FormMain	CheckAutoMode	MANUAL MODE
23:13:45,404   FormMain	timerConnect_Tick	RFID NOT CONNECTED
23:13:45,405   FormMain	CheckAutoMode	MANUAL MODE
23:13:50,408   FormMain	timerConnect_Tick	RFID NOT CONNECTED
23:13:50,408   FormMain	CheckAutoMode	MANUAL MODE
23:17:12,587   =======================================
23:17:12,594   PROGRAM START
23:17:12,594   =======================================
23:17:12,940   FormMain	SetupCommunication	MES SERVER START
23:17:13,074   FormMain	SetupCommunication	FIS SERVER START
23:17:13,147   FormMain	timerConnect_Tick	RFID NOT CONNECTED
23:17:13,148   FormMain	CheckAutoMode	MANUAL MODE
23:17:18,122   FormMain	timerConnect_Tick	RFID NOT CONNECTED
23:17:18,122   FormMain	CheckAutoMode	MANUAL MODE
23:31:13,382   =======================================
23:31:13,386   PROGRAM START
23:31:13,386   =======================================
23:31:13,582   FormMain	SetupCommunication	MES SERVER START
23:31:13,665   FormMain	SetupCommunication	FIS SERVER START
23:31:49,824   =======================================
23:31:49,830   PROGRAM START
23:31:49,830   =======================================
23:31:50,073   FormMain	SetupCommunication	MES SERVER START
23:31:50,180   FormMain	SetupCommunication	FIS SERVER START
23:33:39,991   =======================================
23:33:39,991   PROGRAM EXIT
23:33:39,991   =======================================
